This file contains any messages produced by compilers while
running configure, to aid debugging if configure makes a mistake.

It was created by configure, which was
generated by GNU Autoconf 2.61.  Invocation command line was

  $ ./configure --target=mips-linux --host=mips-linux --build=i386-pc-linux-gnu --prefix=/usr --exec-prefix=/usr --disable-libasprintf --enable-shared --disable-openmp

## --------- ##
## Platform. ##
## --------- ##

hostname = ubuntu
uname -m = i686
uname -r = 3.13.0-39-generic
uname -s = Linux
uname -v = #66-Ubuntu SMP Tue Oct 28 13:31:23 UTC 2014

/usr/bin/uname -p = unknown
/bin/uname -X     = unknown

/bin/arch              = unknown
/usr/bin/arch -k       = unknown
/usr/convex/getsysinfo = unknown
/usr/bin/hostinfo      = unknown
/bin/machine           = unknown
/usr/bin/oslevel       = unknown
/bin/universe          = unknown

PATH: /mnt/bak/workspace/zsuncloud/build/gcc-4.3.3/toolchain_build_mips/bin
PATH: /mnt/bak/workspace/zsuncloud/build/gcc-4.3.3/build_mips/host_dir/bin
PATH: /mnt/bak/workspace/zsuncloud/build/gcc-4.3.3/build_mips/host_dir/usr/bin
PATH: /mnt/bak/workspace/zsuncloud/build/gcc-4.3.3/build_mips/staging_dir/bin
PATH: /mnt/bak/workspace/zsuncloud/build/gcc-4.3.3/build_mips/staging_dir/usr/bin
PATH: /mnt/bak/workspace/zsuncloud/build/../build/util
PATH: /mnt/bak/workspace/zsuncloud/build/../build/gcc-4.3.3/build_mips/staging_dir/usr//bin
PATH: /mnt/bak/workspace/zsuncloud/build/../linux
PATH: /mnt/bak/workspace/zsuncloud/build/../build
PATH: /mnt/bak/workspace/zsuncloud/build/../boot/redboot/ecos/tools/bin
PATH: /mnt/bak/workspace/zsuncloud/build/gcc-4.3.3/build_mips/gettext-0.16.1
PATH: /usr/local/sbin
PATH: /usr/local/bin
PATH: /usr/sbin
PATH: /usr/bin
PATH: /sbin
PATH: /bin


## ----------- ##
## Core tests. ##
## ----------- ##

configure:1801: checking for a BSD-compatible install
configure:1857: result: /usr/bin/install -c
configure:1868: checking whether build environment is sane
configure:1911: result: yes
configure:1939: checking for a thread-safe mkdir -p
configure:1978: result: /bin/mkdir -p
configure:1991: checking for gawk
configure:2007: found /usr/bin/gawk
configure:2018: result: gawk
configure:2029: checking whether make sets $(MAKE)
configure:2050: result: yes
configure:2130: checking for mips-linux-strip
configure:2157: result: /mnt/bak/workspace/zsuncloud/build/gcc-4.3.3/build_mips/staging_dir/usr/bin/mips-linux-uclibc-strip
configure:2253: checking build system type
configure:2271: result: i386-pc-linux-gnu
configure:2293: checking host system type
configure:2308: result: mips-unknown-linux-gnu
configure:2882: creating ./config.status

## ---------------------- ##
## Running config.status. ##
## ---------------------- ##

This file was extended by config.status, which was
generated by GNU Autoconf 2.61.  Invocation command line was

  CONFIG_FILES    = 
  CONFIG_HEADERS  = 
  CONFIG_LINKS    = 
  CONFIG_COMMANDS = 
  $ ./config.status 

on ubuntu

config.status:3579: creating Makefile
config.status:3579: creating gnulib-local/Makefile
configure:3872: === configuring in autoconf-lib-link (/mnt/bak/workspace/zsuncloud/build/gcc-4.3.3/build_mips/gettext-0.16.1/autoconf-lib-link)
configure:3975: running /bin/bash ./configure '--prefix=/usr'  '--target=mips-linux' '--host=mips-linux' '--build=i386-pc-linux-gnu' '--exec-prefix=/usr' '--disable-libasprintf' '--enable-shared' '--disable-openmp' 'build_alias=i386-pc-linux-gnu' 'host_alias=mips-linux' 'target_alias=mips-linux' 'CC=/mnt/bak/workspace/zsuncloud/build/gcc-4.3.3/build_mips/staging_dir/usr/bin/mips-linux-uclibc-gcc -Os -pipe -funit-at-a-time -mips32r2 -mtune=mips23r2 -Os  -I/mnt/bak/workspace/zsuncloud/build/gcc-4.3.3/build_mips/staging_dir/usr/include -I/mnt/bak/workspace/zsuncloud/build/gcc-4.3.3/build_mips/staging_dir/include --sysroot=/mnt/bak/workspace/zsuncloud/build/gcc-4.3.3/build_mips/staging_dir/ -isysroot /mnt/bak/workspace/zsuncloud/build/gcc-4.3.3/build_mips/staging_dir -mtune=mips32r2 -mabi=32 -msoft-float -D_LARGEFILE_SOURCE -D_LARGEFILE64_SOURCE -D_FILE_OFFSET_BITS=64' 'CPP=/mnt/bak/workspace/zsuncloud/build/gcc-4.3.3/build_mips/staging_dir/usr/bin/mips-linux-uclibc-cpp -Os -pipe -funit-at-a-time -mips32r2 -mtune=mips23r2 -Os  -I/mnt/bak/workspace/zsuncloud/build/gcc-4.3.3/build_mips/staging_dir/usr/include -I/mnt/bak/workspace/zsuncloud/build/gcc-4.3.3/build_mips/staging_dir/include --sysroot=/mnt/bak/workspace/zsuncloud/build/gcc-4.3.3/build_mips/staging_dir/ -isysroot /mnt/bak/workspace/zsuncloud/build/gcc-4.3.3/build_mips/staging_dir -mtune=mips32r2 -mabi=32 -msoft-float -D_LARGEFILE_SOURCE -D_LARGEFILE64_SOURCE -D_FILE_OFFSET_BITS=64' 'CXX=false' --cache-file=/dev/null --srcdir=.
configure:3980: error: ./configure failed for autoconf-lib-link

## ---------------- ##
## Cache variables. ##
## ---------------- ##

ac_cv_build='i386-pc-linux-gnu'
ac_cv_c_bigendian='yes'
ac_cv_env_CC_set='set'
ac_cv_env_CC_value='/mnt/bak/workspace/zsuncloud/build/gcc-4.3.3/build_mips/staging_dir/usr/bin/mips-linux-uclibc-gcc -Os -pipe -funit-at-a-time -mips32r2 -mtune=mips23r2 -Os  -I/mnt/bak/workspace/zsuncloud/build/gcc-4.3.3/build_mips/staging_dir/usr/include -I/mnt/bak/workspace/zsuncloud/build/gcc-4.3.3/build_mips/staging_dir/include --sysroot=/mnt/bak/workspace/zsuncloud/build/gcc-4.3.3/build_mips/staging_dir/ -isysroot /mnt/bak/workspace/zsuncloud/build/gcc-4.3.3/build_mips/staging_dir -mtune=mips32r2 -mabi=32 -msoft-float -D_LARGEFILE_SOURCE -D_LARGEFILE64_SOURCE -D_FILE_OFFSET_BITS=64'
ac_cv_env_CFLAGS_set=''
ac_cv_env_CFLAGS_value=''
ac_cv_env_CPPFLAGS_set=''
ac_cv_env_CPPFLAGS_value=''
ac_cv_env_CPP_set='set'
ac_cv_env_CPP_value='/mnt/bak/workspace/zsuncloud/build/gcc-4.3.3/build_mips/staging_dir/usr/bin/mips-linux-uclibc-cpp -Os -pipe -funit-at-a-time -mips32r2 -mtune=mips23r2 -Os  -I/mnt/bak/workspace/zsuncloud/build/gcc-4.3.3/build_mips/staging_dir/usr/include -I/mnt/bak/workspace/zsuncloud/build/gcc-4.3.3/build_mips/staging_dir/include --sysroot=/mnt/bak/workspace/zsuncloud/build/gcc-4.3.3/build_mips/staging_dir/ -isysroot /mnt/bak/workspace/zsuncloud/build/gcc-4.3.3/build_mips/staging_dir -mtune=mips32r2 -mabi=32 -msoft-float -D_LARGEFILE_SOURCE -D_LARGEFILE64_SOURCE -D_FILE_OFFSET_BITS=64'
ac_cv_env_CXXCPP_set=''
ac_cv_env_CXXCPP_value=''
ac_cv_env_CXXFLAGS_set=''
ac_cv_env_CXXFLAGS_value=''
ac_cv_env_CXX_set='set'
ac_cv_env_CXX_value='false'
ac_cv_env_EMACSLOADPATH_set=''
ac_cv_env_EMACSLOADPATH_value=''
ac_cv_env_EMACS_set=''
ac_cv_env_EMACS_value=''
ac_cv_env_F77_set=''
ac_cv_env_F77_value=''
ac_cv_env_FFLAGS_set=''
ac_cv_env_FFLAGS_value=''
ac_cv_env_GCJFLAGS_set=''
ac_cv_env_GCJFLAGS_value=''
ac_cv_env_GCJ_set=''
ac_cv_env_GCJ_value=''
ac_cv_env_LDFLAGS_set=''
ac_cv_env_LDFLAGS_value=''
ac_cv_env_LIBS_set=''
ac_cv_env_LIBS_value=''
ac_cv_env_YACC_set=''
ac_cv_env_YACC_value=''
ac_cv_env_YFLAGS_set=''
ac_cv_env_YFLAGS_value=''
ac_cv_env_build_alias_set='set'
ac_cv_env_build_alias_value='i386-pc-linux-gnu'
ac_cv_env_host_alias_set='set'
ac_cv_env_host_alias_value='mips-linux'
ac_cv_env_target_alias_set='set'
ac_cv_env_target_alias_value='mips-linux'
ac_cv_func_calloc_0_nonnull='yes'
ac_cv_func_chown_works='yes'
ac_cv_func_closedir_void='no'
ac_cv_func_euidaccess='no'
ac_cv_func_fnmatch_gnu='yes'
ac_cv_func_getcwd_null='yes'
ac_cv_func_getdelim='yes'
ac_cv_func_getgroups='yes'
ac_cv_func_getgroups_works='yes'
ac_cv_func_getloadavg='no'
ac_cv_func_lstat_dereferences_slashed_symlink='yes'
ac_cv_func_lstat_empty_string_bug='no'
ac_cv_func_malloc_0_nonnull='yes'
ac_cv_func_memcmp_working='yes'
ac_cv_func_mkstemp='yes'
ac_cv_func_mmap_fixed_mapped='yes'
ac_cv_func_realloc_0_nonnull='yes'
ac_cv_func_stat_empty_string_bug='no'
ac_cv_func_strerror_r_char_p='no'
ac_cv_func_strnlen_working='yes'
ac_cv_func_strtod='yes'
ac_cv_func_utime_null='yes'
ac_cv_func_working_mktime='yes'
ac_cv_have_decl_euidaccess='no'
ac_cv_have_decl_malloc='yes'
ac_cv_have_decl_nanosleep='yes'
ac_cv_have_decl_strerror_r='yes'
ac_cv_have_decl_strnlen='yes'
ac_cv_host='mips-unknown-linux-gnu'
ac_cv_lbl_unaligned_fail='yes'
ac_cv_lib_getloadavg_getloadavg='no'
ac_cv_lib_util_getloadavg='no'
ac_cv_path_install='/usr/bin/install -c'
ac_cv_path_mkdir='/bin/mkdir'
ac_cv_prog_AWK='gawk'
ac_cv_prog_STRIP='/mnt/bak/workspace/zsuncloud/build/gcc-4.3.3/build_mips/staging_dir/usr/bin/mips-linux-uclibc-strip'
ac_cv_prog_make_make_set='yes'
ac_cv_struct_st_mtim_nsec='no'
am_cv_func_working_getline='yes'
fu_cv_sys_stat_statfs2_bsize='yes'
gl_cv_c_restrict='no'
gl_cv_func_getcwd_null='yes'
gl_cv_func_getcwd_path_max='yes'
gl_cv_func_malloc_0_nonnull='yes'
gl_cv_func_mkdir_trailing_slash_bug='no'
gl_cv_func_mkstemp_limitations='no'
gl_cv_func_tzset_clobber='no'
gl_cv_func_working_readdir='yes'
gl_cv_func_working_utimes='yes'
jm_ac_cv_func_link_follows_symlink='no'
jm_cv_func_gettimeofday_clobber='no'
jm_cv_func_nanosleep_works='yes'
jm_cv_func_svid_putenv='yes'
jm_cv_func_working_re_compile_pattern='yes'
utils_cv_func_mkdir_trailing_slash_bug='no'
utils_cv_func_mkstemp_limitations='no'
utils_cv_localtime_cache='no'
vb_cv_func_rename_trailing_slash_bug='no'

## ----------------- ##
## Output variables. ##
## ----------------- ##

ACLOCAL='${SHELL} /mnt/bak/workspace/zsuncloud/build/gcc-4.3.3/build_mips/gettext-0.16.1/build-aux/missing --run aclocal-1.10'
AMTAR='${SHELL} /mnt/bak/workspace/zsuncloud/build/gcc-4.3.3/build_mips/gettext-0.16.1/build-aux/missing --run tar'
AUTOCONF='${SHELL} /mnt/bak/workspace/zsuncloud/build/gcc-4.3.3/build_mips/gettext-0.16.1/build-aux/missing --run autoconf'
AUTOHEADER='${SHELL} /mnt/bak/workspace/zsuncloud/build/gcc-4.3.3/build_mips/gettext-0.16.1/build-aux/missing --run autoheader'
AUTOMAKE='${SHELL} /mnt/bak/workspace/zsuncloud/build/gcc-4.3.3/build_mips/gettext-0.16.1/build-aux/missing --run automake-1.10'
AWK='gawk'
CC='/mnt/bak/workspace/zsuncloud/build/gcc-4.3.3/build_mips/staging_dir/usr/bin/mips-linux-uclibc-gcc -Os -pipe -funit-at-a-time -mips32r2 -mtune=mips23r2 -Os  -I/mnt/bak/workspace/zsuncloud/build/gcc-4.3.3/build_mips/staging_dir/usr/include -I/mnt/bak/workspace/zsuncloud/build/gcc-4.3.3/build_mips/staging_dir/include --sysroot=/mnt/bak/workspace/zsuncloud/build/gcc-4.3.3/build_mips/staging_dir/ -isysroot /mnt/bak/workspace/zsuncloud/build/gcc-4.3.3/build_mips/staging_dir -mtune=mips32r2 -mabi=32 -msoft-float -D_LARGEFILE_SOURCE -D_LARGEFILE64_SOURCE -D_FILE_OFFSET_BITS=64'
CFLAGS=''
CPP='/mnt/bak/workspace/zsuncloud/build/gcc-4.3.3/build_mips/staging_dir/usr/bin/mips-linux-uclibc-cpp -Os -pipe -funit-at-a-time -mips32r2 -mtune=mips23r2 -Os  -I/mnt/bak/workspace/zsuncloud/build/gcc-4.3.3/build_mips/staging_dir/usr/include -I/mnt/bak/workspace/zsuncloud/build/gcc-4.3.3/build_mips/staging_dir/include --sysroot=/mnt/bak/workspace/zsuncloud/build/gcc-4.3.3/build_mips/staging_dir/ -isysroot /mnt/bak/workspace/zsuncloud/build/gcc-4.3.3/build_mips/staging_dir -mtune=mips32r2 -mabi=32 -msoft-float -D_LARGEFILE_SOURCE -D_LARGEFILE64_SOURCE -D_FILE_OFFSET_BITS=64'
CPPFLAGS=''
CXX='false'
CXXCPP=''
CXXFLAGS=''
CYGPATH_W='echo'
DEFS='-DPACKAGE_NAME=\"\" -DPACKAGE_TARNAME=\"\" -DPACKAGE_VERSION=\"\" -DPACKAGE_STRING=\"\" -DPACKAGE_BUGREPORT=\"\" -DPACKAGE=\"gettext\" -DVERSION=\"0.16.1\"'
ECHO_C=''
ECHO_N='-n'
ECHO_T=''
EMACS=''
EMACSLOADPATH=''
F77=''
FFLAGS=''
GCJ=''
GCJFLAGS=''
INSTALL_DATA='${INSTALL} -m 644'
INSTALL_PROGRAM='${INSTALL}'
INSTALL_SCRIPT='${INSTALL}'
INSTALL_STRIP_PROGRAM='$(install_sh) -c -s'
LDFLAGS=''
LIBOBJS=''
LIBS=''
LTLIBOBJS=''
MAKEINFO='${SHELL} /mnt/bak/workspace/zsuncloud/build/gcc-4.3.3/build_mips/gettext-0.16.1/build-aux/missing --run makeinfo'
PACKAGE='gettext'
PACKAGE_BUGREPORT=''
PACKAGE_NAME=''
PACKAGE_STRING=''
PACKAGE_TARNAME=''
PACKAGE_VERSION=''
PATH_SEPARATOR=':'
SET_MAKE=''
SHELL='/bin/bash'
STRIP='/mnt/bak/workspace/zsuncloud/build/gcc-4.3.3/build_mips/staging_dir/usr/bin/mips-linux-uclibc-strip'
VERSION='0.16.1'
YACC=''
YFLAGS=''
am__isrc=''
am__leading_dot='.'
am__tar='${AMTAR} chof - "$$tardir"'
am__untar='${AMTAR} xf -'
bindir='${exec_prefix}/bin'
build='i386-pc-linux-gnu'
build_alias='i386-pc-linux-gnu'
build_cpu='i386'
build_os='linux-gnu'
build_vendor='pc'
datadir='${datarootdir}'
datarootdir='${prefix}/share'
docdir='${datarootdir}/doc/${PACKAGE}'
dvidir='${docdir}'
exec_prefix='/usr'
host='mips-unknown-linux-gnu'
host_alias='mips-linux'
host_cpu='mips'
host_os='linux-gnu'
host_vendor='unknown'
htmldir='${docdir}'
includedir='${prefix}/include'
infodir='${datarootdir}/info'
install_sh='$(SHELL) /mnt/bak/workspace/zsuncloud/build/gcc-4.3.3/build_mips/gettext-0.16.1/build-aux/install-sh'
libdir='${exec_prefix}/lib'
libexecdir='${exec_prefix}/libexec'
localedir='${datarootdir}/locale'
localstatedir='${prefix}/var'
mandir='${datarootdir}/man'
mkdir_p='/bin/mkdir -p'
oldincludedir='/usr/include'
pdfdir='${docdir}'
prefix='/usr'
program_transform_name='s,x,x,'
psdir='${docdir}'
sbindir='${exec_prefix}/sbin'
sharedstatedir='${prefix}/com'
subdirs=' autoconf-lib-link gettext-runtime gettext-tools'
sysconfdir='${prefix}/etc'
target_alias='mips-linux'

configure: exit 1
